<?xml version="1.0" encoding="UTF-8"?>
<!-- Generated by org.testng.reporters.JUnitReportReporter -->
<testsuite hostname="ATMECSINLT-773.local" failures="0" tests="1" name="mobileautomation.Appium.Scroll" time="20.235" errors="0" timestamp="2023-03-31T23:16:02 IST" skipped="0">
  <testcase classname="mobileautomation.Appium.Scroll" name="scrollGesture" time="20.235"/>
  <system-out/>
</testsuite> <!-- mobileautomation.Appium.Scroll -->
