<?xml version="1.0" encoding="UTF-8"?>
<!-- Generated by org.testng.reporters.JUnitReportReporter -->
<testsuite hostname="ATMECSINLT-773.local" failures="0" tests="1" name="mobileautomation.Appium.E_Commerce_TestCase_1" time="32.479" errors="0" timestamp="2023-04-04T00:10:49 IST" skipped="0">
  <testcase classname="mobileautomation.Appium.E_Commerce_TestCase_1" name="fillForm" time="32.479"/>
  <system-out/>
</testsuite> <!-- mobileautomation.Appium.E_Commerce_TestCase_1 -->
