<?xml version="1.0" encoding="UTF-8"?>
<!-- Generated by org.testng.reporters.JUnitReportReporter -->
<testsuite hostname="ATMECSINLT-773.local" failures="0" tests="1" name="mobileautomation.Appium.AppiumBasics" time="16.689" errors="0" timestamp="2023-03-31T16:29:48 IST" skipped="0">
  <testcase classname="mobileautomation.Appium.AppiumBasics" name="clickOnPreferencesBtn" time="16.689"/>
  <system-out/>
</testsuite> <!-- mobileautomation.Appium.AppiumBasics -->
