<?xml version="1.0" encoding="UTF-8"?>
<!-- Generated by org.testng.reporters.JUnitReportReporter -->
<testsuite hostname="ATMECSINLT-773.local" failures="0" tests="1" name="mobileautomation.Appium.IOSScroll" time="33.368" errors="0" timestamp="2023-04-17T18:36:03 IST" skipped="0">
  <testcase classname="mobileautomation.Appium.IOSScroll" name="IOSScrollTestDemo" time="33.368"/>
  <system-out/>
</testsuite> <!-- mobileautomation.Appium.IOSScroll -->
