<?xml version="1.0" encoding="UTF-8"?>
<!-- Generated by org.testng.reporters.JUnitReportReporter -->
<testsuite hostname="ATMECSINLT-773.local" failures="0" tests="1" name="mobileautomation.Appium.IOSBasics" time="18.265" errors="0" timestamp="2023-04-14T19:26:08 IST" skipped="0">
  <testcase classname="mobileautomation.Appium.IOSBasics" name="IOSBasicsTest" time="18.265"/>
  <system-out/>
</testsuite> <!-- mobileautomation.Appium.IOSBasics -->
