<?xml version="1.0" encoding="UTF-8"?>
<!-- Generated by org.testng.reporters.JUnitReportReporter -->
<testsuite hostname="ATMECSINLT-773.local" failures="0" tests="1" name="mobileautomation.Appium.MiscellanousAppiumAction" time="90.645" errors="0" timestamp="2023-04-03T15:15:12 IST" skipped="0">
  <testcase classname="mobileautomation.Appium.MiscellanousAppiumAction" name="miscellanous" time="90.645"/>
  <system-out/>
</testsuite> <!-- mobileautomation.Appium.MiscellanousAppiumAction -->
