<?xml version="1.0" encoding="UTF-8"?>
<!-- Generated by org.testng.reporters.JUnitReportReporter -->
<testsuite hostname="ATMECSINLT-773.local" failures="0" tests="1" name="mobileautomation.Appium.MobileBrowserTest" time="22.749" errors="0" timestamp="2023-04-06T17:33:20 IST" skipped="0">
  <testcase classname="mobileautomation.Appium.MobileBrowserTest" name="browserTest" time="22.749"/>
  <system-out/>
</testsuite> <!-- mobileautomation.Appium.MobileBrowserTest -->
