<?xml version="1.0" encoding="UTF-8"?>
<!-- Generated by org.testng.reporters.JUnitReportReporter -->
<testsuite hostname="ATMECSINLT-773.local" failures="0" tests="1" name="mobileautomation.Appium.E_Commerce_TestCase_5_Hybrid" time="75.782" errors="0" timestamp="2023-04-05T18:52:47 IST" skipped="0">
  <testcase classname="mobileautomation.Appium.E_Commerce_TestCase_5_Hybrid" name="fillForm" time="75.782"/>
  <system-out/>
</testsuite> <!-- mobileautomation.Appium.E_Commerce_TestCase_5_Hybrid -->
