<?xml version="1.0" encoding="UTF-8"?>
<!-- Generated by org.testng.reporters.JUnitReportReporter -->
<testsuite hostname="ATMECSINLT-773.local" failures="0" tests="1" name="mobileautomation.Appium.IOSSlidingTest" time="23.054" errors="0" timestamp="2023-04-17T19:43:48 IST" skipped="0">
  <testcase classname="mobileautomation.Appium.IOSSlidingTest" name="IOSSlidingTestDemo" time="23.054"/>
  <system-out/>
</testsuite> <!-- mobileautomation.Appium.IOSSlidingTest -->
