<?xml version="1.0" encoding="UTF-8"?>
<!-- Generated by org.testng.reporters.JUnitReportReporter -->
<testsuite hostname="ATMECSINLT-773.local" failures="0" tests="1" name="mobileautomation.Appium.IOSLongPress" time="18.695" errors="0" timestamp="2023-04-17T16:38:47 IST" skipped="0">
  <testcase classname="mobileautomation.Appium.IOSLongPress" name="IOSLongPress" time="18.695"/>
  <system-out/>
</testsuite> <!-- mobileautomation.Appium.IOSLongPress -->
