<?xml version="1.0" encoding="UTF-8"?>
<!-- Generated by org.testng.reporters.JUnitReportReporter -->
<testsuite hostname="ATMECSINLT-773.local" failures="0" tests="1" name="mobileautomation.Appium.AppiumActivityAndPackage" time="9.136" errors="0" timestamp="2023-04-03T15:34:25 IST" skipped="0">
  <testcase classname="mobileautomation.Appium.AppiumActivityAndPackage" name="appiumActievityAndPackag" time="9.136"/>
  <system-out/>
</testsuite> <!-- mobileautomation.Appium.AppiumActivityAndPackage -->
