<?xml version="1.0" encoding="UTF-8"?>
<!-- Generated by org.testng.reporters.JUnitReportReporter -->
<testsuite hostname="ATMECSINLT-773.local" failures="0" tests="1" name="mobileautomation.Appium.E_Commerce_TestCase_3" time="37.852" errors="0" timestamp="2023-04-04T18:57:26 IST" skipped="0">
  <testcase classname="mobileautomation.Appium.E_Commerce_TestCase_3" name="fillForm" time="37.852"/>
  <system-out/>
</testsuite> <!-- mobileautomation.Appium.E_Commerce_TestCase_3 -->
