<?xml version="1.0" encoding="UTF-8"?>
<!-- Generated by org.testng.reporters.JUnitReportReporter -->
<testsuite hostname="ATMECSINLT-773.local" failures="0" tests="1" name="mobileautomation.Appium.Swipe" time="16.227" errors="0" timestamp="2023-04-01T00:22:03 IST" skipped="0">
  <testcase classname="mobileautomation.Appium.Swipe" name="swipeGesture" time="16.227"/>
  <system-out/>
</testsuite> <!-- mobileautomation.Appium.Swipe -->
