<?xml version="1.0" encoding="UTF-8"?>
<!-- Generated by org.testng.reporters.JUnitReportReporter -->
<testsuite hostname="ATMECSINLT-773.local" failures="0" tests="1" name="mobileautomation.Appium.LongPress" time="18.745" errors="0" timestamp="2023-03-31T17:34:40 IST" skipped="0">
  <testcase classname="mobileautomation.Appium.LongPress" name="longPressGesture" time="18.745"/>
  <system-out/>
</testsuite> <!-- mobileautomation.Appium.LongPress -->
