<?xml version="1.0" encoding="UTF-8"?>
<!-- Generated by org.testng.reporters.JUnitReportReporter -->
<testsuite hostname="ATMECSINLT-773.local" failures="0" tests="1" name="mobileautomation.Appium.DragAndDrop" time="9.770" errors="0" timestamp="2023-04-01T00:54:45 IST" skipped="0">
  <testcase classname="mobileautomation.Appium.DragAndDrop" name="dragAndDropGesture" time="9.770"/>
  <system-out/>
</testsuite> <!-- mobileautomation.Appium.DragAndDrop -->
